nohup: ignoring input
[INFO] Scanning for projects...
[INFO]                                                                         
[INFO] ------------------------------------------------------------------------
[INFO] Building CategoryLink 1.0-SNAPSHOT
[INFO] ------------------------------------------------------------------------
[INFO] 
[INFO] --- exec-maven-plugin:3.1.0:java (default-cli) @ CategoryLink ---
SLF4J: Class path contains multiple SLF4J bindings.
SLF4J: Found binding in [jar:file:/public/home/blockchain_2/slave1/.m2/repository/org/slf4j/slf4j-reload4j/1.7.36/slf4j-reload4j-1.7.36.jar!/org/slf4j/impl/StaticLoggerBinder.class]
SLF4J: Found binding in [jar:file:/public/home/blockchain_2/slave1/.m2/repository/org/apache/logging/log4j/log4j-slf4j-impl/2.17.1/log4j-slf4j-impl-2.17.1.jar!/org/slf4j/impl/StaticLoggerBinder.class]
SLF4J: See http://www.slf4j.org/codes.html#multiple_bindings for an explanation.
SLF4J: Actual binding is of type [org.slf4j.impl.Reload4jLoggerFactory]
log4j:WARN No appenders could be found for logger (org.apache.commons.beanutils.converters.BooleanConverter).
log4j:WARN Please initialize the log4j system properly.
log4j:WARN See http://logging.apache.org/log4j/1.2/faq.html#noconfig for more info.
开始进行类型间连接统计分析...
使用的类别: [Illicit Marketplaces, Darknet Forums & Directories, Financial Fraud & Money Laundering, Hacking & Malware, Illicit Drug Trade, Firearms Trafficking, Child Sexual Exploitation, Anonymity & OPSEC Guidance, Illicit Hosting Infrastructure, Digital Archiving & Preservation, Law & Political Reporting]
类别总数: 11
找到 4191480 条有效连接边
有效连接边（在预定义类别中）: 4189826

=== 最强连接模式 Top 15 ===
 1. Child Sexual Exploitation → Child Sexual Exploitation: 2575337 条连接
 2. Financial Fraud & Money Laundering → Financial Fraud & Money Laundering: 313634 条连接
 3. Digital Archiving & Preservation → Digital Archiving & Preservation: 274366 条连接
 4. Darknet Forums & Directories → Darknet Forums & Directories: 152506 条连接
 5. Illicit Marketplaces → Illicit Marketplaces: 66970 条连接
 6. Anonymity & OPSEC Guidance → Anonymity & OPSEC Guidance: 61889 条连接
 7. Illicit Drug Trade → Illicit Drug Trade: 57262 条连接
 8. Digital Archiving & Preservation → Anonymity & OPSEC Guidance: 54236 条连接
 9. Darknet Forums & Directories → Digital Archiving & Preservation: 50672 条连接
10. Illicit Marketplaces → Financial Fraud & Money Laundering: 50281 条连接
11. Illicit Hosting Infrastructure → Illicit Hosting Infrastructure: 49597 条连接
12. Hacking & Malware → Hacking & Malware: 41446 条连接
13. Financial Fraud & Money Laundering → Illicit Marketplaces: 41374 条连接
14. Law & Political Reporting → Law & Political Reporting: 39853 条连接
15. Law & Political Reporting → Digital Archiving & Preservation: 21037 条连接

=== 自连接分析 ===
总自连接数: 3638916
总连接数: 4189826
自连接比例: 86.85%

各类型自连接比例:
Illicit Marketplaces: 42.13% (66970/158967)
Darknet Forums & Directories: 68.83% (152506/221569)
Financial Fraud & Money Laundering: 81.63% (313634/384231)
Hacking & Malware: 53.23% (41446/77856)
Illicit Drug Trade: 76.15% (57262/75198)
Firearms Trafficking: 79.13% (6056/7653)
Child Sexual Exploitation: 99.23% (2575337/2595429)
Anonymity & OPSEC Guidance: 44.90% (61889/137850)
Illicit Hosting Infrastructure: 40.44% (49597/122635)
Digital Archiving & Preservation: 82.93% (274366/330823)
Law & Political Reporting: 51.35% (39853/77615)
✅ 矩阵已导出:
   - 原始连接矩阵: connection_matrix.csv
   - 偏好度矩阵: preference_matrix.csv

✅ 分析完成！
[WARNING] thread Thread[Idle-Rpc-Conn-Sweeper-pool-0,5,CategoryLink.CategoryLink] was interrupted but is still alive after waiting at least 14683msecs
[WARNING] thread Thread[Idle-Rpc-Conn-Sweeper-pool-0,5,CategoryLink.CategoryLink] will linger despite being asked to die via interruption
[WARNING] thread Thread[RPCClient-NioEventLoopGroup-1-1,5,CategoryLink.CategoryLink] will linger despite being asked to die via interruption
[WARNING] thread Thread[RpcClient-timer-pool-0,5,CategoryLink.CategoryLink] will linger despite being asked to die via interruption
[WARNING] thread Thread[RPCClient-NioEventLoopGroup-1-2,5,CategoryLink.CategoryLink] will linger despite being asked to die via interruption
[WARNING] thread Thread[RPCClient-NioEventLoopGroup-1-3,5,CategoryLink.CategoryLink] will linger despite being asked to die via interruption
[WARNING] thread Thread[RPCClient-NioEventLoopGroup-1-4,5,CategoryLink.CategoryLink] will linger despite being asked to die via interruption
[WARNING] thread Thread[RPCClient-NioEventLoopGroup-1-5,5,CategoryLink.CategoryLink] will linger despite being asked to die via interruption
[WARNING] thread Thread[RPCClient-NioEventLoopGroup-1-6,5,CategoryLink.CategoryLink] will linger despite being asked to die via interruption
[WARNING] thread Thread[RPCClient-NioEventLoopGroup-1-7,5,CategoryLink.CategoryLink] will linger despite being asked to die via interruption
[WARNING] thread Thread[RPCClient-NioEventLoopGroup-1-8,5,CategoryLink.CategoryLink] will linger despite being asked to die via interruption
[WARNING] thread Thread[RPCClient-NioEventLoopGroup-1-9,5,CategoryLink.CategoryLink] will linger despite being asked to die via interruption
[WARNING] thread Thread[RPCClient-NioEventLoopGroup-1-10,5,CategoryLink.CategoryLink] will linger despite being asked to die via interruption
[WARNING] thread Thread[RPCClient-NioEventLoopGroup-1-11,5,CategoryLink.CategoryLink] will linger despite being asked to die via interruption
[WARNING] thread Thread[RPCClient-NioEventLoopGroup-1-12,5,CategoryLink.CategoryLink] will linger despite being asked to die via interruption
[WARNING] thread Thread[RPCClient-NioEventLoopGroup-1-13,5,CategoryLink.CategoryLink] will linger despite being asked to die via interruption
[WARNING] NOTE: 15 thread(s) did not finish despite being asked to via interruption. This is not a problem with exec:java, it is a problem with the running code. Although not serious, it should be remedied.
[WARNING] Couldn't destroy threadgroup org.codehaus.mojo.exec.ExecJavaMojo$IsolatedThreadGroup[name=CategoryLink.CategoryLink,maxpri=10]
java.lang.IllegalThreadStateException
	at java.lang.ThreadGroup.destroy(ThreadGroup.java:778)
	at org.codehaus.mojo.exec.ExecJavaMojo.execute(ExecJavaMojo.java:319)
	at org.apache.maven.plugin.DefaultBuildPluginManager.executeMojo(DefaultBuildPluginManager.java:134)
	at org.apache.maven.lifecycle.internal.MojoExecutor.execute(MojoExecutor.java:207)
	at org.apache.maven.lifecycle.internal.MojoExecutor.execute(MojoExecutor.java:153)
	at org.apache.maven.lifecycle.internal.MojoExecutor.execute(MojoExecutor.java:145)
	at org.apache.maven.lifecycle.internal.LifecycleModuleBuilder.buildProject(LifecycleModuleBuilder.java:116)
	at org.apache.maven.lifecycle.internal.LifecycleModuleBuilder.buildProject(LifecycleModuleBuilder.java:80)
	at org.apache.maven.lifecycle.internal.builder.singlethreaded.SingleThreadedBuilder.build(SingleThreadedBuilder.java:51)
	at org.apache.maven.lifecycle.internal.LifecycleStarter.execute(LifecycleStarter.java:128)
	at org.apache.maven.DefaultMaven.doExecute(DefaultMaven.java:307)
	at org.apache.maven.DefaultMaven.doExecute(DefaultMaven.java:193)
	at org.apache.maven.DefaultMaven.execute(DefaultMaven.java:106)
	at org.apache.maven.cli.MavenCli.execute(MavenCli.java:863)
	at org.apache.maven.cli.MavenCli.doMain(MavenCli.java:288)
	at org.apache.maven.cli.MavenCli.main(MavenCli.java:199)
	at sun.reflect.NativeMethodAccessorImpl.invoke0(Native Method)
	at sun.reflect.NativeMethodAccessorImpl.invoke(NativeMethodAccessorImpl.java:62)
	at sun.reflect.DelegatingMethodAccessorImpl.invoke(DelegatingMethodAccessorImpl.java:43)
	at java.lang.reflect.Method.invoke(Method.java:498)
	at org.codehaus.plexus.classworlds.launcher.Launcher.launchEnhanced(Launcher.java:289)
	at org.codehaus.plexus.classworlds.launcher.Launcher.launch(Launcher.java:229)
	at org.codehaus.plexus.classworlds.launcher.Launcher.mainWithExitCode(Launcher.java:415)
	at org.codehaus.plexus.classworlds.launcher.Launcher.main(Launcher.java:356)
[INFO] ------------------------------------------------------------------------
[INFO] BUILD SUCCESS
[INFO] ------------------------------------------------------------------------
[INFO] Total time: 11:14 min
[INFO] Finished at: 2026-01-22T15:09:40+08:00
[INFO] Final Memory: 126M/11074M
[INFO] ------------------------------------------------------------------------
